Sun Jan 21 2018 23:24:51 GMT+0530 (IST): GET /
Sun Jan 21 2018 23:25:06 GMT+0530 (IST): GET /about
Sun Jan 21 2018 23:25:45 GMT+0530 (IST): GET /
Sun Jan 21 2018 23:26:08 GMT+0530 (IST): GET /about
Sun Jan 21 2018 23:26:10 GMT+0530 (IST): GET /
Sun Jan 21 2018 23:32:15 GMT+0530 (IST): GET /
Sun Jan 21 2018 23:32:51 GMT+0530 (IST): GET /about
Sun Jan 21 2018 23:39:38 GMT+0530 (IST): GET /help.html
Sun Jan 21 2018 23:40:18 GMT+0530 (IST): GET /
Fri Jan 26 2018 23:09:35 GMT+0530 (IST): GET /
Fri Jan 26 2018 23:09:35 GMT+0530 (IST): GET /favicon.ico
Fri Jan 26 2018 23:11:17 GMT+0530 (IST): GET /
Fri Jan 26 2018 23:11:17 GMT+0530 (IST): GET /favicon.ico
Fri Jan 26 2018 23:12:38 GMT+0530 (IST): GET /
Fri Jan 26 2018 23:12:38 GMT+0530 (IST): GET /favicon.ico
Fri Jan 26 2018 23:13:30 GMT+0530 (IST): GET /
Fri Jan 26 2018 23:13:30 GMT+0530 (IST): GET /favicon.ico
Fri Jan 26 2018 23:14:25 GMT+0530 (IST): GET /
Fri Jan 26 2018 23:14:25 GMT+0530 (IST): GET /favicon.ico
Fri Jan 26 2018 23:14:28 GMT+0530 (IST): GET /
Fri Jan 26 2018 23:14:28 GMT+0530 (IST): GET /favicon.ico
Fri Jan 26 2018 23:17:35 GMT+0530 (IST): GET /
Fri Jan 26 2018 23:17:35 GMT+0530 (IST): GET /favicon.ico
